<?xml version="1.0" encoding="UTF-8"?>
<coverage generated="1712846177634" clover="3.2.0">
  <project timestamp="1712846177634" name="All files">
    <metrics statements="33" coveredstatements="25" conditionals="37" coveredconditionals="27" methods="1" coveredmethods="1" elements="71" coveredelements="53" complexity="0" loc="33" ncloc="33" packages="1" files="1" classes="1"/>
    <file name="bloodPressure.js" path="D:\Assiginment\CIS-470-TermTest\Code-2\bloodPressure.js">
      <metrics statements="33" coveredstatements="25" conditionals="37" coveredconditionals="27" methods="1" coveredmethods="1"/>
      <line num="5" count="26" type="stmt"/>
      <line num="14" count="26" type="cond" truecount="4" falsecount="0"/>
      <line num="15" count="2" type="stmt"/>
      <line num="17" count="24" type="cond" truecount="2" falsecount="0"/>
      <line num="18" count="1" type="stmt"/>
      <line num="21" count="23" type="cond" truecount="4" falsecount="0"/>
      <line num="22" count="3" type="stmt"/>
      <line num="25" count="20" type="cond" truecount="5" falsecount="0"/>
      <line num="26" count="7" type="stmt"/>
      <line num="32" count="13" type="cond" truecount="2" falsecount="0"/>
      <line num="33" count="5" type="stmt"/>
      <line num="34" count="8" type="cond" truecount="1" falsecount="1"/>
      <line num="35" count="8" type="stmt"/>
      <line num="36" count="0" type="cond" truecount="0" falsecount="2"/>
      <line num="37" count="0" type="stmt"/>
      <line num="38" count="0" type="cond" truecount="0" falsecount="2"/>
      <line num="39" count="0" type="stmt"/>
      <line num="40" count="0" type="cond" truecount="0" falsecount="2"/>
      <line num="41" count="0" type="stmt"/>
      <line num="43" count="13" type="cond" truecount="2" falsecount="0"/>
      <line num="44" count="2" type="stmt"/>
      <line num="45" count="11" type="cond" truecount="2" falsecount="0"/>
      <line num="46" count="8" type="stmt"/>
      <line num="47" count="3" type="cond" truecount="2" falsecount="0"/>
      <line num="48" count="1" type="stmt"/>
      <line num="49" count="2" type="cond" truecount="1" falsecount="1"/>
      <line num="50" count="2" type="stmt"/>
      <line num="51" count="0" type="cond" truecount="0" falsecount="2"/>
      <line num="52" count="0" type="stmt"/>
      <line num="55" count="13" type="cond" truecount="2" falsecount="0"/>
      <line num="56" count="12" type="stmt"/>
      <line num="58" count="1" type="stmt"/>
      <line num="62" count="1" type="stmt"/>
    </file>
  </project>
</coverage>
