{"D:\\Assiginment\\CIS-470-TermTest\\Code-2\\bloodPressure.js": {"path":"D:\\Assiginment\\CIS-470-TermTest\\Code-2\\bloodPressure.js","statementMap":{"0":{"start":{"line":5,"column":25},"end":{"line":11,"column":3}},"1":{"start":{"line":14,"column":6},"end":{"line":16,"column":7}},"2":{"start":{"line":15,"column":8},"end":{"line":15,"column":60}},"3":{"start":{"line":17,"column":6},"end":{"line":19,"column":7}},"4":{"start":{"line":18,"column":8},"end":{"line":18,"column":77}},"5":{"start":{"line":21,"column":6},"end":{"line":23,"column":7}},"6":{"start":{"line":22,"column":8},"end":{"line":22,"column":85}},"7":{"start":{"line":25,"column":6},"end":{"line":27,"column":7}},"8":{"start":{"line":26,"column":8},"end":{"line":26,"column":103}},"9":{"start":{"line":32,"column":6},"end":{"line":42,"column":7}},"10":{"start":{"line":33,"column":8},"end":{"line":33,"column":37}},"11":{"start":{"line":34,"column":13},"end":{"line":42,"column":7}},"12":{"start":{"line":35,"column":8},"end":{"line":35,"column":46}},"13":{"start":{"line":36,"column":13},"end":{"line":42,"column":7}},"14":{"start":{"line":37,"column":8},"end":{"line":37,"column":42}},"15":{"start":{"line":38,"column":13},"end":{"line":42,"column":7}},"16":{"start":{"line":39,"column":8},"end":{"line":39,"column":42}},"17":{"start":{"line":40,"column":13},"end":{"line":42,"column":7}},"18":{"start":{"line":41,"column":8},"end":{"line":41,"column":50}},"19":{"start":{"line":43,"column":6},"end":{"line":53,"column":7}},"20":{"start":{"line":44,"column":8},"end":{"line":44,"column":38}},"21":{"start":{"line":45,"column":13},"end":{"line":53,"column":7}},"22":{"start":{"line":46,"column":8},"end":{"line":46,"column":47}},"23":{"start":{"line":47,"column":13},"end":{"line":53,"column":7}},"24":{"start":{"line":48,"column":8},"end":{"line":48,"column":43}},"25":{"start":{"line":49,"column":13},"end":{"line":53,"column":7}},"26":{"start":{"line":50,"column":8},"end":{"line":50,"column":43}},"27":{"start":{"line":51,"column":13},"end":{"line":53,"column":7}},"28":{"start":{"line":52,"column":8},"end":{"line":52,"column":51}},"29":{"start":{"line":55,"column":0},"end":{"line":59,"column":1}},"30":{"start":{"line":56,"column":2},"end":{"line":56,"column":28}},"31":{"start":{"line":58,"column":2},"end":{"line":58,"column":27}},"32":{"start":{"line":62,"column":0},"end":{"line":62,"column":31}}},"fnMap":{"0":{"name":"BloodPressure","decl":{"start":{"line":3,"column":9},"end":{"line":3,"column":22}},"loc":{"start":{"line":3,"column":67},"end":{"line":60,"column":1}},"line":3}},"branchMap":{"0":{"loc":{"start":{"line":14,"column":6},"end":{"line":16,"column":7}},"type":"if","locations":[{"start":{"line":14,"column":6},"end":{"line":16,"column":7}},{"start":{},"end":{}}],"line":14},"1":{"loc":{"start":{"line":14,"column":10},"end":{"line":14,"column":70}},"type":"binary-expr","locations":[{"start":{"line":14,"column":10},"end":{"line":14,"column":41}},{"start":{"line":14,"column":45},"end":{"line":14,"column":70}}],"line":14},"2":{"loc":{"start":{"line":17,"column":6},"end":{"line":19,"column":7}},"type":"if","locations":[{"start":{"line":17,"column":6},"end":{"line":19,"column":7}},{"start":{},"end":{}}],"line":17},"3":{"loc":{"start":{"line":21,"column":6},"end":{"line":23,"column":7}},"type":"if","locations":[{"start":{"line":21,"column":6},"end":{"line":23,"column":7}},{"start":{},"end":{}}],"line":21},"4":{"loc":{"start":{"line":21,"column":10},"end":{"line":21,"column":45}},"type":"binary-expr","locations":[{"start":{"line":21,"column":10},"end":{"line":21,"column":24}},{"start":{"line":21,"column":28},"end":{"line":21,"column":45}}],"line":21},"5":{"loc":{"start":{"line":25,"column":6},"end":{"line":27,"column":7}},"type":"if","locations":[{"start":{"line":25,"column":6},"end":{"line":27,"column":7}},{"start":{},"end":{}}],"line":25},"6":{"loc":{"start":{"line":25,"column":10},"end":{"line":25,"column":66}},"type":"binary-expr","locations":[{"start":{"line":25,"column":10},"end":{"line":25,"column":23}},{"start":{"line":25,"column":27},"end":{"line":25,"column":41}},{"start":{"line":25,"column":45},"end":{"line":25,"column":66}}],"line":25},"7":{"loc":{"start":{"line":32,"column":6},"end":{"line":42,"column":7}},"type":"if","locations":[{"start":{"line":32,"column":6},"end":{"line":42,"column":7}},{"start":{"line":34,"column":13},"end":{"line":42,"column":7}}],"line":32},"8":{"loc":{"start":{"line":34,"column":13},"end":{"line":42,"column":7}},"type":"if","locations":[{"start":{"line":34,"column":13},"end":{"line":42,"column":7}},{"start":{"line":36,"column":13},"end":{"line":42,"column":7}}],"line":34},"9":{"loc":{"start":{"line":36,"column":13},"end":{"line":42,"column":7}},"type":"if","locations":[{"start":{"line":36,"column":13},"end":{"line":42,"column":7}},{"start":{"line":38,"column":13},"end":{"line":42,"column":7}}],"line":36},"10":{"loc":{"start":{"line":38,"column":13},"end":{"line":42,"column":7}},"type":"if","locations":[{"start":{"line":38,"column":13},"end":{"line":42,"column":7}},{"start":{"line":40,"column":13},"end":{"line":42,"column":7}}],"line":38},"11":{"loc":{"start":{"line":40,"column":13},"end":{"line":42,"column":7}},"type":"if","locations":[{"start":{"line":40,"column":13},"end":{"line":42,"column":7}},{"start":{},"end":{}}],"line":40},"12":{"loc":{"start":{"line":43,"column":6},"end":{"line":53,"column":7}},"type":"if","locations":[{"start":{"line":43,"column":6},"end":{"line":53,"column":7}},{"start":{"line":45,"column":13},"end":{"line":53,"column":7}}],"line":43},"13":{"loc":{"start":{"line":45,"column":13},"end":{"line":53,"column":7}},"type":"if","locations":[{"start":{"line":45,"column":13},"end":{"line":53,"column":7}},{"start":{"line":47,"column":13},"end":{"line":53,"column":7}}],"line":45},"14":{"loc":{"start":{"line":47,"column":13},"end":{"line":53,"column":7}},"type":"if","locations":[{"start":{"line":47,"column":13},"end":{"line":53,"column":7}},{"start":{"line":49,"column":13},"end":{"line":53,"column":7}}],"line":47},"15":{"loc":{"start":{"line":49,"column":13},"end":{"line":53,"column":7}},"type":"if","locations":[{"start":{"line":49,"column":13},"end":{"line":53,"column":7}},{"start":{"line":51,"column":13},"end":{"line":53,"column":7}}],"line":49},"16":{"loc":{"start":{"line":51,"column":13},"end":{"line":53,"column":7}},"type":"if","locations":[{"start":{"line":51,"column":13},"end":{"line":53,"column":7}},{"start":{},"end":{}}],"line":51},"17":{"loc":{"start":{"line":55,"column":0},"end":{"line":59,"column":1}},"type":"if","locations":[{"start":{"line":55,"column":0},"end":{"line":59,"column":1}},{"start":{"line":57,"column":7},"end":{"line":59,"column":1}}],"line":55}},"s":{"0":26,"1":26,"2":2,"3":24,"4":1,"5":23,"6":3,"7":20,"8":7,"9":13,"10":5,"11":8,"12":8,"13":0,"14":0,"15":0,"16":0,"17":0,"18":0,"19":13,"20":2,"21":11,"22":8,"23":3,"24":1,"25":2,"26":2,"27":0,"28":0,"29":13,"30":12,"31":1,"32":1},"f":{"0":26},"b":{"0":[2,24],"1":[26,25],"2":[1,23],"3":[3,20],"4":[23,21],"5":[7,13],"6":[20,17,16],"7":[5,8],"8":[8,0],"9":[0,0],"10":[0,0],"11":[0,0],"12":[2,11],"13":[8,3],"14":[1,2],"15":[2,0],"16":[0,0],"17":[12,1]},"_coverageSchema":"1a1c01bbd47fc00a2c39e90264f33305004495a9","hash":"61c398c57b5cee70bb528e3d802872afa2b65edd"}
}
