TN:
SF:bloodPressure.js
FN:3,BloodPressure
FNF:1
FNH:1
FNDA:26,BloodPressure
DA:5,26
DA:14,26
DA:15,2
DA:17,24
DA:18,1
DA:21,23
DA:22,3
DA:25,20
DA:26,7
DA:32,13
DA:33,5
DA:34,8
DA:35,8
DA:36,0
DA:37,0
DA:38,0
DA:39,0
DA:40,0
DA:41,0
DA:43,13
DA:44,2
DA:45,11
DA:46,8
DA:47,3
DA:48,1
DA:49,2
DA:50,2
DA:51,0
DA:52,0
DA:55,13
DA:56,12
DA:58,1
DA:62,1
LF:33
LH:25
BRDA:14,0,0,2
BRDA:14,0,1,24
BRDA:14,1,0,26
BRDA:14,1,1,25
BRDA:17,2,0,1
BRDA:17,2,1,23
BRDA:21,3,0,3
BRDA:21,3,1,20
BRDA:21,4,0,23
BRDA:21,4,1,21
BRDA:25,5,0,7
BRDA:25,5,1,13
BRDA:25,6,0,20
BRDA:25,6,1,17
BRDA:25,6,2,16
BRDA:32,7,0,5
BRDA:32,7,1,8
BRDA:34,8,0,8
BRDA:34,8,1,0
BRDA:36,9,0,0
BRDA:36,9,1,0
BRDA:38,10,0,0
BRDA:38,10,1,0
BRDA:40,11,0,0
BRDA:40,11,1,0
BRDA:43,12,0,2
BRDA:43,12,1,11
BRDA:45,13,0,8
BRDA:45,13,1,3
BRDA:47,14,0,1
BRDA:47,14,1,2
BRDA:49,15,0,2
BRDA:49,15,1,0
BRDA:51,16,0,0
BRDA:51,16,1,0
BRDA:55,17,0,12
BRDA:55,17,1,1
BRF:37
BRH:27
end_of_record
