TN:
SF:calculatePrice.js
FN:1,calculatePrice
FNF:1
FNH:1
FNDA:10,calculatePrice
DA:3,10
DA:4,4
DA:9,6
DA:10,1
DA:15,5
DA:16,1
DA:22,4
DA:23,4
DA:25,1
DA:26,3
DA:28,1
DA:29,2
DA:31,1
DA:35,4
DA:40,0
DA:45,4
DA:48,1
LF:17
LH:16
BRDA:3,0,0,4
BRDA:3,0,1,6
BRDA:3,1,0,10
BRDA:3,1,1,8
BRDA:3,1,2,7
BRDA:9,2,0,1
BRDA:9,2,1,5
BRDA:15,3,0,1
BRDA:15,3,1,4
BRDA:23,4,0,1
BRDA:23,4,1,3
BRDA:23,5,0,4
BRDA:23,5,1,2
BRDA:26,6,0,1
BRDA:26,6,1,2
BRDA:29,7,0,1
BRDA:29,7,1,1
BRDA:35,8,0,0
BRDA:35,8,1,4
BRDA:36,9,0,4
BRDA:36,9,1,4
BRDA:36,9,2,4
BRF:22
BRH:21
end_of_record
